[I 2025-03-31 13:57:11.316 ServerApp] jupyter_lsp | extension was successfully linked.
[I 2025-03-31 13:57:11.319 ServerApp] jupyter_server_terminals | extension was successfully linked.
[W 2025-03-31 13:57:11.320 LabApp] 'allow_origin' has moved from NotebookApp to ServerApp. This config will be passed to ServerApp. Be sure to update your config before our next release.
[I 2025-03-31 13:57:11.322 ServerApp] jupyterlab | extension was successfully linked.
[I 2025-03-31 13:57:11.326 ServerApp] notebook | extension was successfully linked.
[I 2025-03-31 13:57:11.488 ServerApp] notebook_shim | extension was successfully linked.
[I 2025-03-31 13:57:11.506 ServerApp] notebook_shim | extension was successfully loaded.
[I 2025-03-31 13:57:11.508 ServerApp] jupyter_lsp | extension was successfully loaded.
[I 2025-03-31 13:57:11.509 ServerApp] jupyter_server_terminals | extension was successfully loaded.
[I 2025-03-31 13:57:11.510 LabApp] JupyterLab extension loaded from /opt/conda/envs/imex/lib/python3.13/site-packages/jupyterlab
[I 2025-03-31 13:57:11.510 LabApp] JupyterLab application directory is /opt/conda/envs/imex/share/jupyter/lab
[I 2025-03-31 13:57:11.510 LabApp] Extension Manager is 'pypi'.
[I 2025-03-31 13:57:11.553 ServerApp] jupyterlab | extension was successfully loaded.
[I 2025-03-31 13:57:11.556 ServerApp] notebook | extension was successfully loaded.
[I 2025-03-31 13:57:11.557 ServerApp] Serving notebooks from local directory: /workspace
[I 2025-03-31 13:57:11.557 ServerApp] Jupyter Server 2.15.0 is running at:
[I 2025-03-31 13:57:11.557 ServerApp] http://localhost:8888/tree
[I 2025-03-31 13:57:11.557 ServerApp]     http://127.0.0.1:8888/tree
[I 2025-03-31 13:57:11.557 ServerApp] Use Control-C to stop this server and shut down all kernels (twice to skip confirmation).
[I 2025-03-31 13:57:11.581 ServerApp] Skipped non-installed server(s): bash-language-server, dockerfile-language-server-nodejs, javascript-typescript-langserver, jedi-language-server, julia-language-server, pyright, python-language-server, python-lsp-server, r-languageserver, sql-language-server, texlab, typescript-language-server, unified-language-server, vscode-css-languageserver-bin, vscode-html-languageserver-bin, vscode-json-languageserver-bin, yaml-language-server
[I 2025-03-31 13:57:41.139 ServerApp] 302 GET / (@::1) 0.42ms
[W 2025-03-31 13:57:41.321 JupyterNotebookApp] Blocking request with non-local 'Host' a792-223-194-163-65.ngrok-free.app (a792-223-194-163-65.ngrok-free.app). If the server should be accessible at that name, set ServerApp.allow_remote_access to disable the check.
[E 2025-03-31 13:57:41.331 ServerApp] Uncaught exception in write_error
    Traceback (most recent call last):
      File "/opt/conda/envs/imex/lib/python3.13/site-packages/tornado/web.py", line 1769, in _execute
        result = await result  # type: ignore
                 ^^^^^^^^^^^^
      File "/opt/conda/envs/imex/lib/python3.13/site-packages/jupyter_server/base/handlers.py", line 601, in prepare
        raise web.HTTPError(403)
    tornado.web.HTTPError: HTTP 403: Forbidden
    
    During handling of the above exception, another exception occurred:
    
    Traceback (most recent call last):
      File "/opt/conda/envs/imex/lib/python3.13/site-packages/jupyter_server/extension/handler.py", line 29, in get_template
        template = cast(Template, self.settings[env].get_template(name))  # type:ignore[attr-defined]
                                  ~~~~~~~~~~~~~~~~~~~~~~~~~~~~~~~^^^^^^
      File "/opt/conda/envs/imex/lib/python3.13/site-packages/jinja2/environment.py", line 1016, in get_template
        return self._load_template(name, globals)
               ~~~~~~~~~~~~~~~~~~~^^^^^^^^^^^^^^^
      File "/opt/conda/envs/imex/lib/python3.13/site-packages/jinja2/environment.py", line 975, in _load_template
        template = self.loader.load(self, name, self.make_globals(globals))
      File "/opt/conda/envs/imex/lib/python3.13/site-packages/jinja2/loaders.py", line 126, in load
        source, filename, uptodate = self.get_source(environment, name)
                                     ~~~~~~~~~~~~~~~^^^^^^^^^^^^^^^^^^^
      File "/opt/conda/envs/imex/lib/python3.13/site-packages/jinja2/loaders.py", line 209, in get_source
        raise TemplateNotFound(
        ...<2 lines>...
        )
    jinja2.exceptions.TemplateNotFound: '403.html' not found in search path: '/opt/conda/envs/imex/lib/python3.13/site-packages/notebook/templates'
    
    During handling of the above exception, another exception occurred:
    
    Traceback (most recent call last):
      File "/opt/conda/envs/imex/lib/python3.13/site-packages/jupyter_server/base/handlers.py", line 740, in write_error
        html = self.render_template("%s.html" % status_code, **ns)
      File "/opt/conda/envs/imex/lib/python3.13/site-packages/jupyter_server/extension/handler.py", line 93, in render_template
        template = cast(Template, self.get_template(name))  # type:ignore[attr-defined]
                                  ~~~~~~~~~~~~~~~~~^^^^^^
      File "/opt/conda/envs/imex/lib/python3.13/site-packages/jupyter_server/extension/handler.py", line 32, in get_template
        return cast(Template, super().get_template(name))  # type:ignore[misc]
                              ~~~~~~~~~~~~~~~~~~~~^^^^^^
      File "/opt/conda/envs/imex/lib/python3.13/site-packages/jupyter_server/base/handlers.py", line 662, in get_template
        return self.settings["jinja2_env"].get_template(name)
               ~~~~~~~~~~~~~~~~~~~~~~~~~~~~~~~~~~~~~~~~^^^^^^
      File "/opt/conda/envs/imex/lib/python3.13/site-packages/jinja2/environment.py", line 1016, in get_template
        return self._load_template(name, globals)
               ~~~~~~~~~~~~~~~~~~~^^^^^^^^^^^^^^^
      File "/opt/conda/envs/imex/lib/python3.13/site-packages/jinja2/environment.py", line 975, in _load_template
        template = self.loader.load(self, name, self.make_globals(globals))
      File "/opt/conda/envs/imex/lib/python3.13/site-packages/jinja2/loaders.py", line 126, in load
        source, filename, uptodate = self.get_source(environment, name)
                                     ~~~~~~~~~~~~~~~^^^^^^^^^^^^^^^^^^^
      File "/opt/conda/envs/imex/lib/python3.13/site-packages/jinja2/loaders.py", line 209, in get_source
        raise TemplateNotFound(
        ...<2 lines>...
        )
    jinja2.exceptions.TemplateNotFound: '403.html' not found in search paths: '/opt/conda/envs/imex/lib/python3.13/site-packages/jupyter_server', '/opt/conda/envs/imex/lib/python3.13/site-packages/jupyter_server/templates'
    
    During handling of the above exception, another exception occurred:
    
    Traceback (most recent call last):
      File "/opt/conda/envs/imex/lib/python3.13/site-packages/tornado/web.py", line 1298, in send_error
        self.write_error(status_code, **kwargs)
        ~~~~~~~~~~~~~~~~^^^^^^^^^^^^^^^^^^^^^^^
      File "/opt/conda/envs/imex/lib/python3.13/site-packages/jupyter_server/base/handlers.py", line 742, in write_error
        html = self.render_template("error.html", **ns)
      File "/opt/conda/envs/imex/lib/python3.13/site-packages/jupyter_server/extension/handler.py", line 98, in render_template
        return cast(str, template.render(**ns))
                         ~~~~~~~~~~~~~~~^^^^^^
      File "/opt/conda/envs/imex/lib/python3.13/site-packages/jinja2/environment.py", line 1295, in render
        self.environment.handle_exception()
        ~~~~~~~~~~~~~~~~~~~~~~~~~~~~~~~~~^^
      File "/opt/conda/envs/imex/lib/python3.13/site-packages/jinja2/environment.py", line 942, in handle_exception
        raise rewrite_traceback_stack(source=source)
      File "/opt/conda/envs/imex/lib/python3.13/site-packages/notebook/templates/error.html", line 1, in top-level template code
        <!doctype html><html><head><meta charset="utf-8"><title>{% block title %}{{page_title | e}}{% endblock %}</title>{% block favicon %}<link rel="shortcut icon" type="image/x-icon" href="/static/favicons/favicon.ico">{% endblock %}<script defer="defer" src="{{page_config.fullStaticUrl}}/main.fa530803fa8c046b1a88.js?v=fa530803fa8c046b1a88"></script></head><body class="jp-ThemedContainer">{% block stylesheet %}<style>/* disable initial hide */
        ^^^^^^^^^^^^^^^^^^^^^^^^^
      File "/opt/conda/envs/imex/lib/python3.13/site-packages/jinja2/environment.py", line 490, in getattr
        return getattr(obj, attribute)
    jinja2.exceptions.UndefinedError: 'page_config' is undefined
[W 2025-03-31 13:57:41.335 JupyterNotebookApp] 403 GET /tree? (@::1) 14.56ms referer=None
[W 2025-03-31 14:00:51.555 ServerApp] A `_jupyter_server_extension_points` function was not found in jupyter_lsp. Instead, a `_jupyter_server_extension_paths` function was found and will be used for now. This function name will be deprecated in future releases of Jupyter Server.
[W 2025-03-31 14:00:51.674 ServerApp] A `_jupyter_server_extension_points` function was not found in notebook_shim. Instead, a `_jupyter_server_extension_paths` function was found and will be used for now. This function name will be deprecated in future releases of Jupyter Server.
[I 2025-03-31 14:00:52.433 ServerApp] Extension package panel.io.jupyter_server_extension took 0.7587s to import
[I 2025-03-31 14:00:52.434 ServerApp] jupyter_lsp | extension was successfully linked.
[I 2025-03-31 14:00:52.437 ServerApp] jupyter_server_terminals | extension was successfully linked.
[W 2025-03-31 14:00:52.439 LabApp] 'allow_origin' has moved from NotebookApp to ServerApp. This config will be passed to ServerApp. Be sure to update your config before our next release.
[I 2025-03-31 14:00:52.442 ServerApp] jupyterlab | extension was successfully linked.
[I 2025-03-31 14:00:52.446 ServerApp] notebook | extension was successfully linked.
[I 2025-03-31 14:00:52.689 ServerApp] notebook_shim | extension was successfully linked.
[I 2025-03-31 14:00:52.689 ServerApp] panel.io.jupyter_server_extension | extension was successfully linked.
[I 2025-03-31 14:00:52.707 ServerApp] notebook_shim | extension was successfully loaded.
[I 2025-03-31 14:00:52.709 ServerApp] jupyter_lsp | extension was successfully loaded.
[I 2025-03-31 14:00:52.710 ServerApp] jupyter_server_terminals | extension was successfully loaded.
[I 2025-03-31 14:00:52.712 LabApp] JupyterLab extension loaded from /opt/conda/lib/python3.12/site-packages/jupyterlab
[I 2025-03-31 14:00:52.712 LabApp] JupyterLab application directory is /opt/conda/share/jupyter/lab
[I 2025-03-31 14:00:52.712 LabApp] Extension Manager is 'pypi'.
[I 2025-03-31 14:00:52.724 ServerApp] jupyterlab | extension was successfully loaded.
[I 2025-03-31 14:00:52.727 ServerApp] notebook | extension was successfully loaded.
[I 2025-03-31 14:00:52.727 ServerApp] panel.io.jupyter_server_extension | extension was successfully loaded.
[I 2025-03-31 14:00:52.728 ServerApp] Serving notebooks from local directory: /workspace
[I 2025-03-31 14:00:52.728 ServerApp] Jupyter Server 2.14.1 is running at:
[I 2025-03-31 14:00:52.728 ServerApp] http://localhost:8888/tree
[I 2025-03-31 14:00:52.728 ServerApp]     http://127.0.0.1:8888/tree
[I 2025-03-31 14:00:52.728 ServerApp] Use Control-C to stop this server and shut down all kernels (twice to skip confirmation).
[I 2025-03-31 14:00:52.775 ServerApp] Skipped non-installed server(s): bash-language-server, dockerfile-language-server-nodejs, javascript-typescript-langserver, jedi-language-server, julia-language-server, pyright, python-language-server, r-languageserver, sql-language-server, texlab, typescript-language-server, unified-language-server, vscode-css-languageserver-bin, vscode-html-languageserver-bin, vscode-json-languageserver-bin, yaml-language-server
[I 2025-03-31 14:01:28.332 ServerApp] 302 GET / (@::1) 0.61ms
[W 2025-03-31 14:01:28.510 JupyterNotebookApp] Blocking request with non-local 'Host' c284-223-194-163-65.ngrok-free.app (c284-223-194-163-65.ngrok-free.app). If the server should be accessible at that name, set ServerApp.allow_remote_access to disable the check.
[W 2025-03-31 14:01:28.520 JupyterNotebookApp] 403 GET /tree? (@::1) 10.65ms referer=None
[W 2025-03-31 14:01:28.741 ServerApp] Blocking request with non-local 'Host' c284-223-194-163-65.ngrok-free.app (c284-223-194-163-65.ngrok-free.app). If the server should be accessible at that name, set ServerApp.allow_remote_access to disable the check.
[W 2025-03-31 14:01:28.758 ServerApp] 403 GET /static/favicons/favicon.ico (@::1) 17.69ms referer=https://c284-223-194-163-65.ngrok-free.app/tree?
[W 2025-03-31 14:10:51.341 ServerApp] A `_jupyter_server_extension_points` function was not found in jupyter_lsp. Instead, a `_jupyter_server_extension_paths` function was found and will be used for now. This function name will be deprecated in future releases of Jupyter Server.
[W 2025-03-31 14:10:51.460 ServerApp] A `_jupyter_server_extension_points` function was not found in notebook_shim. Instead, a `_jupyter_server_extension_paths` function was found and will be used for now. This function name will be deprecated in future releases of Jupyter Server.
[I 2025-03-31 14:10:52.212 ServerApp] Extension package panel.io.jupyter_server_extension took 0.7513s to import
[I 2025-03-31 14:10:52.212 ServerApp] jupyter_lsp | extension was successfully linked.
[I 2025-03-31 14:10:52.216 ServerApp] jupyter_server_terminals | extension was successfully linked.
[W 2025-03-31 14:10:52.217 LabApp] 'allow_origin' has moved from NotebookApp to ServerApp. This config will be passed to ServerApp. Be sure to update your config before our next release.
[I 2025-03-31 14:10:52.220 ServerApp] jupyterlab | extension was successfully linked.
[I 2025-03-31 14:10:52.224 ServerApp] notebook | extension was successfully linked.
[I 2025-03-31 14:10:52.468 ServerApp] notebook_shim | extension was successfully linked.
[I 2025-03-31 14:10:52.468 ServerApp] panel.io.jupyter_server_extension | extension was successfully linked.
[I 2025-03-31 14:10:52.487 ServerApp] notebook_shim | extension was successfully loaded.
[I 2025-03-31 14:10:52.489 ServerApp] jupyter_lsp | extension was successfully loaded.
[I 2025-03-31 14:10:52.489 ServerApp] jupyter_server_terminals | extension was successfully loaded.
[I 2025-03-31 14:10:52.491 LabApp] JupyterLab extension loaded from /opt/conda/lib/python3.12/site-packages/jupyterlab
[I 2025-03-31 14:10:52.491 LabApp] JupyterLab application directory is /opt/conda/share/jupyter/lab
[I 2025-03-31 14:10:52.491 LabApp] Extension Manager is 'pypi'.
[I 2025-03-31 14:10:52.503 ServerApp] jupyterlab | extension was successfully loaded.
[I 2025-03-31 14:10:52.506 ServerApp] notebook | extension was successfully loaded.
[I 2025-03-31 14:10:52.507 ServerApp] panel.io.jupyter_server_extension | extension was successfully loaded.
[I 2025-03-31 14:10:52.507 ServerApp] Serving notebooks from local directory: /workspace
[I 2025-03-31 14:10:52.507 ServerApp] Jupyter Server 2.14.1 is running at:
[I 2025-03-31 14:10:52.507 ServerApp] http://localhost:8888/tree
[I 2025-03-31 14:10:52.507 ServerApp]     http://127.0.0.1:8888/tree
[I 2025-03-31 14:10:52.507 ServerApp] Use Control-C to stop this server and shut down all kernels (twice to skip confirmation).
[I 2025-03-31 14:10:52.554 ServerApp] Skipped non-installed server(s): bash-language-server, dockerfile-language-server-nodejs, javascript-typescript-langserver, jedi-language-server, julia-language-server, pyright, python-language-server, r-languageserver, sql-language-server, texlab, typescript-language-server, unified-language-server, vscode-css-languageserver-bin, vscode-html-languageserver-bin, vscode-json-languageserver-bin, yaml-language-server
[I 2025-03-31 14:11:41.364 ServerApp] 302 GET / (@::1) 0.58ms
[W 2025-03-31 14:11:41.530 JupyterNotebookApp] Blocking request with non-local 'Host' 27a4-223-194-163-65.ngrok-free.app (27a4-223-194-163-65.ngrok-free.app). If the server should be accessible at that name, set ServerApp.allow_remote_access to disable the check.
[W 2025-03-31 14:11:41.540 JupyterNotebookApp] 403 GET /tree? (@::1) 10.52ms referer=None
[W 2025-03-31 14:11:41.745 ServerApp] Blocking request with non-local 'Host' 27a4-223-194-163-65.ngrok-free.app (27a4-223-194-163-65.ngrok-free.app). If the server should be accessible at that name, set ServerApp.allow_remote_access to disable the check.
[W 2025-03-31 14:11:41.761 ServerApp] 403 GET /static/favicons/favicon.ico (@::1) 16.16ms referer=https://27a4-223-194-163-65.ngrok-free.app/tree?
[W 2025-03-31 14:16:55.295 ServerApp] A `_jupyter_server_extension_points` function was not found in jupyter_lsp. Instead, a `_jupyter_server_extension_paths` function was found and will be used for now. This function name will be deprecated in future releases of Jupyter Server.
[W 2025-03-31 14:16:55.415 ServerApp] A `_jupyter_server_extension_points` function was not found in notebook_shim. Instead, a `_jupyter_server_extension_paths` function was found and will be used for now. This function name will be deprecated in future releases of Jupyter Server.
[I 2025-03-31 14:16:56.170 ServerApp] Extension package panel.io.jupyter_server_extension took 0.7554s to import
[I 2025-03-31 14:16:56.171 ServerApp] jupyter_lsp | extension was successfully linked.
[I 2025-03-31 14:16:56.175 ServerApp] jupyter_server_terminals | extension was successfully linked.
[W 2025-03-31 14:16:56.176 LabApp] 'allow_origin' has moved from NotebookApp to ServerApp. This config will be passed to ServerApp. Be sure to update your config before our next release.
[W 2025-03-31 14:16:56.176 LabApp] 'token' has moved from NotebookApp to ServerApp. This config will be passed to ServerApp. Be sure to update your config before our next release.
[W 2025-03-31 14:16:56.179 ServerApp] ServerApp.token config is deprecated in 2.0. Use IdentityProvider.token.
[I 2025-03-31 14:16:56.179 ServerApp] jupyterlab | extension was successfully linked.
[I 2025-03-31 14:16:56.183 ServerApp] notebook | extension was successfully linked.
[I 2025-03-31 14:16:56.427 ServerApp] notebook_shim | extension was successfully linked.
[I 2025-03-31 14:16:56.427 ServerApp] panel.io.jupyter_server_extension | extension was successfully linked.
[I 2025-03-31 14:16:56.446 ServerApp] notebook_shim | extension was successfully loaded.
[I 2025-03-31 14:16:56.448 ServerApp] jupyter_lsp | extension was successfully loaded.
[I 2025-03-31 14:16:56.449 ServerApp] jupyter_server_terminals | extension was successfully loaded.
[I 2025-03-31 14:16:56.451 LabApp] JupyterLab extension loaded from /opt/conda/lib/python3.12/site-packages/jupyterlab
[I 2025-03-31 14:16:56.451 LabApp] JupyterLab application directory is /opt/conda/share/jupyter/lab
[I 2025-03-31 14:16:56.451 LabApp] Extension Manager is 'pypi'.
[I 2025-03-31 14:16:56.462 ServerApp] jupyterlab | extension was successfully loaded.
[I 2025-03-31 14:16:56.466 ServerApp] notebook | extension was successfully loaded.
[I 2025-03-31 14:16:56.466 ServerApp] panel.io.jupyter_server_extension | extension was successfully loaded.
[C 2025-03-31 14:16:56.467 ServerApp] Running as root is not recommended. Use --allow-root to bypass.
[W 2025-03-31 14:18:05.451 ServerApp] A `_jupyter_server_extension_points` function was not found in jupyter_lsp. Instead, a `_jupyter_server_extension_paths` function was found and will be used for now. This function name will be deprecated in future releases of Jupyter Server.
[W 2025-03-31 14:18:05.571 ServerApp] A `_jupyter_server_extension_points` function was not found in notebook_shim. Instead, a `_jupyter_server_extension_paths` function was found and will be used for now. This function name will be deprecated in future releases of Jupyter Server.
[I 2025-03-31 14:18:06.323 ServerApp] Extension package panel.io.jupyter_server_extension took 0.7521s to import
[I 2025-03-31 14:18:06.324 ServerApp] jupyter_lsp | extension was successfully linked.
[I 2025-03-31 14:18:06.328 ServerApp] jupyter_server_terminals | extension was successfully linked.
[W 2025-03-31 14:18:06.329 LabApp] 'allow_origin' has moved from NotebookApp to ServerApp. This config will be passed to ServerApp. Be sure to update your config before our next release.
[W 2025-03-31 14:18:06.329 LabApp] 'token' has moved from NotebookApp to ServerApp. This config will be passed to ServerApp. Be sure to update your config before our next release.
[W 2025-03-31 14:18:06.332 ServerApp] ServerApp.token config is deprecated in 2.0. Use IdentityProvider.token.
[I 2025-03-31 14:18:06.332 ServerApp] jupyterlab | extension was successfully linked.
[I 2025-03-31 14:18:06.336 ServerApp] notebook | extension was successfully linked.
[I 2025-03-31 14:18:06.579 ServerApp] notebook_shim | extension was successfully linked.
[I 2025-03-31 14:18:06.580 ServerApp] panel.io.jupyter_server_extension | extension was successfully linked.
[I 2025-03-31 14:18:06.598 ServerApp] notebook_shim | extension was successfully loaded.
[I 2025-03-31 14:18:06.600 ServerApp] jupyter_lsp | extension was successfully loaded.
[I 2025-03-31 14:18:06.601 ServerApp] jupyter_server_terminals | extension was successfully loaded.
[I 2025-03-31 14:18:06.603 LabApp] JupyterLab extension loaded from /opt/conda/lib/python3.12/site-packages/jupyterlab
[I 2025-03-31 14:18:06.603 LabApp] JupyterLab application directory is /opt/conda/share/jupyter/lab
[I 2025-03-31 14:18:06.603 LabApp] Extension Manager is 'pypi'.
[I 2025-03-31 14:18:06.615 ServerApp] jupyterlab | extension was successfully loaded.
[I 2025-03-31 14:18:06.618 ServerApp] notebook | extension was successfully loaded.
[I 2025-03-31 14:18:06.619 ServerApp] panel.io.jupyter_server_extension | extension was successfully loaded.
[C 2025-03-31 14:18:06.619 ServerApp] Running as root is not recommended. Use --allow-root to bypass.
[W 2025-03-31 14:19:13.768 ServerApp] A `_jupyter_server_extension_points` function was not found in jupyter_lsp. Instead, a `_jupyter_server_extension_paths` function was found and will be used for now. This function name will be deprecated in future releases of Jupyter Server.
[W 2025-03-31 14:19:13.888 ServerApp] A `_jupyter_server_extension_points` function was not found in notebook_shim. Instead, a `_jupyter_server_extension_paths` function was found and will be used for now. This function name will be deprecated in future releases of Jupyter Server.
[I 2025-03-31 14:19:14.643 ServerApp] Extension package panel.io.jupyter_server_extension took 0.7545s to import
[I 2025-03-31 14:19:14.643 ServerApp] jupyter_lsp | extension was successfully linked.
[I 2025-03-31 14:19:14.647 ServerApp] jupyter_server_terminals | extension was successfully linked.
[W 2025-03-31 14:19:14.649 LabApp] 'allow_origin' has moved from NotebookApp to ServerApp. This config will be passed to ServerApp. Be sure to update your config before our next release.
[I 2025-03-31 14:19:14.652 ServerApp] jupyterlab | extension was successfully linked.
[I 2025-03-31 14:19:14.656 ServerApp] notebook | extension was successfully linked.
[I 2025-03-31 14:19:14.898 ServerApp] notebook_shim | extension was successfully linked.
[I 2025-03-31 14:19:14.899 ServerApp] panel.io.jupyter_server_extension | extension was successfully linked.
[I 2025-03-31 14:19:14.918 ServerApp] notebook_shim | extension was successfully loaded.
[I 2025-03-31 14:19:14.920 ServerApp] jupyter_lsp | extension was successfully loaded.
[I 2025-03-31 14:19:14.921 ServerApp] jupyter_server_terminals | extension was successfully loaded.
[I 2025-03-31 14:19:14.922 LabApp] JupyterLab extension loaded from /opt/conda/lib/python3.12/site-packages/jupyterlab
[I 2025-03-31 14:19:14.922 LabApp] JupyterLab application directory is /opt/conda/share/jupyter/lab
[I 2025-03-31 14:19:14.923 LabApp] Extension Manager is 'pypi'.
[I 2025-03-31 14:19:14.934 ServerApp] jupyterlab | extension was successfully loaded.
[I 2025-03-31 14:19:14.937 ServerApp] notebook | extension was successfully loaded.
[I 2025-03-31 14:19:14.938 ServerApp] panel.io.jupyter_server_extension | extension was successfully loaded.
[C 2025-03-31 14:19:14.938 ServerApp] Running as root is not recommended. Use --allow-root to bypass.
[W 2025-03-31 14:20:19.492 ServerApp] A `_jupyter_server_extension_points` function was not found in jupyter_lsp. Instead, a `_jupyter_server_extension_paths` function was found and will be used for now. This function name will be deprecated in future releases of Jupyter Server.
[W 2025-03-31 14:20:19.612 ServerApp] A `_jupyter_server_extension_points` function was not found in notebook_shim. Instead, a `_jupyter_server_extension_paths` function was found and will be used for now. This function name will be deprecated in future releases of Jupyter Server.
[I 2025-03-31 14:20:20.364 ServerApp] Extension package panel.io.jupyter_server_extension took 0.7517s to import
[I 2025-03-31 14:20:20.364 ServerApp] jupyter_lsp | extension was successfully linked.
[I 2025-03-31 14:20:20.368 ServerApp] jupyter_server_terminals | extension was successfully linked.
[W 2025-03-31 14:20:20.369 LabApp] 'allow_origin' has moved from NotebookApp to ServerApp. This config will be passed to ServerApp. Be sure to update your config before our next release.
[I 2025-03-31 14:20:20.372 ServerApp] jupyterlab | extension was successfully linked.
[I 2025-03-31 14:20:20.376 ServerApp] notebook | extension was successfully linked.
[I 2025-03-31 14:20:20.617 ServerApp] notebook_shim | extension was successfully linked.
[I 2025-03-31 14:20:20.617 ServerApp] panel.io.jupyter_server_extension | extension was successfully linked.
[I 2025-03-31 14:20:20.636 ServerApp] notebook_shim | extension was successfully loaded.
[I 2025-03-31 14:20:20.637 ServerApp] jupyter_lsp | extension was successfully loaded.
[I 2025-03-31 14:20:20.638 ServerApp] jupyter_server_terminals | extension was successfully loaded.
[I 2025-03-31 14:20:20.640 LabApp] JupyterLab extension loaded from /opt/conda/lib/python3.12/site-packages/jupyterlab
[I 2025-03-31 14:20:20.640 LabApp] JupyterLab application directory is /opt/conda/share/jupyter/lab
[I 2025-03-31 14:20:20.640 LabApp] Extension Manager is 'pypi'.
[I 2025-03-31 14:20:20.652 ServerApp] jupyterlab | extension was successfully loaded.
[I 2025-03-31 14:20:20.655 ServerApp] notebook | extension was successfully loaded.
[I 2025-03-31 14:20:20.656 ServerApp] panel.io.jupyter_server_extension | extension was successfully loaded.
[I 2025-03-31 14:20:20.656 ServerApp] Serving notebooks from local directory: /workspace
[I 2025-03-31 14:20:20.656 ServerApp] Jupyter Server 2.14.1 is running at:
[I 2025-03-31 14:20:20.656 ServerApp] http://3d7faae6ecc2:8888/tree
[I 2025-03-31 14:20:20.656 ServerApp]     http://127.0.0.1:8888/tree
[I 2025-03-31 14:20:20.656 ServerApp] Use Control-C to stop this server and shut down all kernels (twice to skip confirmation).
[I 2025-03-31 14:20:20.702 ServerApp] Skipped non-installed server(s): bash-language-server, dockerfile-language-server-nodejs, javascript-typescript-langserver, jedi-language-server, julia-language-server, pyright, python-language-server, r-languageserver, sql-language-server, texlab, typescript-language-server, unified-language-server, vscode-css-languageserver-bin, vscode-html-languageserver-bin, vscode-json-languageserver-bin, yaml-language-server
[I 2025-03-31 14:20:47.328 ServerApp] 302 GET / (@127.0.0.1) 0.83ms
[I 2025-03-31 14:20:47.532 JupyterNotebookApp] 302 GET /tree? (@127.0.0.1) 0.93ms
[I 2025-03-31 14:20:50.425 ServerApp] User 9d02f39f81034c62aebd4dcf00ae7c44 logged in.
[I 2025-03-31 14:20:50.426 ServerApp] 302 POST /login?next=%2Ftree%3F (9d02f39f81034c62aebd4dcf00ae7c44@127.0.0.1) 52.42ms
[I 2025-03-31 14:21:43.509 ServerApp] 302 GET / (@127.0.0.1) 0.58ms
[I 2025-03-31 14:21:43.677 JupyterNotebookApp] 302 GET /tree? (@127.0.0.1) 0.73ms
[I 2025-03-31 14:21:46.134 ServerApp] User f97c6b35d34741caaf5da6a892a82ec0 logged in.
[I 2025-03-31 14:21:46.135 ServerApp] 302 POST /login?next=%2Ftree%3F (f97c6b35d34741caaf5da6a892a82ec0@127.0.0.1) 37.49ms
[I 2025-04-01 08:54:16.441 ServerApp] 302 GET /login?next=%2Ftree%3F (f97c6b35d34741caaf5da6a892a82ec0@127.0.0.1) 0.90ms
[I 2025-04-01 08:54:16.975 ServerApp] Saving file at /models/UNet.py
[W 2025-04-01 08:55:32.250 ServerApp] Notebook baseline.ipynb is not trusted
[W 2025-04-01 08:55:33.933 ServerApp] Notebook baseline.ipynb is not trusted
[I 2025-04-01 08:55:35.381 ServerApp] Kernel started: 574fe3ef-ffe6-4cc1-a36d-af0c3155f0ec
[I 2025-04-01 08:55:35.936 ServerApp] Connecting to kernel 574fe3ef-ffe6-4cc1-a36d-af0c3155f0ec.
[I 2025-04-01 08:55:36.319 ServerApp] Connecting to kernel 574fe3ef-ffe6-4cc1-a36d-af0c3155f0ec.
[I 2025-04-01 08:55:36.704 ServerApp] Connecting to kernel 574fe3ef-ffe6-4cc1-a36d-af0c3155f0ec.
[I 2025-04-01 08:55:41.239 ServerApp] Connecting to kernel 574fe3ef-ffe6-4cc1-a36d-af0c3155f0ec.
[I 2025-04-01 08:57:35.456 ServerApp] Saving file at /baseline.ipynb
[W 2025-04-01 08:57:35.456 ServerApp] Notebook baseline.ipynb is not trusted
[I 2025-04-01 08:59:40.679 ServerApp] Saving file at /baseline.ipynb
[W 2025-04-01 08:59:40.680 ServerApp] Notebook baseline.ipynb is not trusted
[I 2025-04-01 09:01:43.542 ServerApp] Saving file at /baseline.ipynb
[W 2025-04-01 09:01:43.542 ServerApp] Notebook baseline.ipynb is not trusted
[I 2025-04-01 09:04:13.842 ServerApp] Starting buffering for 574fe3ef-ffe6-4cc1-a36d-af0c3155f0ec:0e1ee31f-49a8-4670-8e29-cdece0ac465a
[I 2025-04-01 09:04:14.020 ServerApp] Connecting to kernel 574fe3ef-ffe6-4cc1-a36d-af0c3155f0ec.
[I 2025-04-01 09:04:14.021 ServerApp] Restoring connection for 574fe3ef-ffe6-4cc1-a36d-af0c3155f0ec:0e1ee31f-49a8-4670-8e29-cdece0ac465a
[W 2025-04-01 09:05:44.024 ServerApp] WebSocket ping timeout after 90003 ms.
[I 2025-04-01 09:05:49.028 ServerApp] Starting buffering for 574fe3ef-ffe6-4cc1-a36d-af0c3155f0ec:0e1ee31f-49a8-4670-8e29-cdece0ac465a
[I 2025-04-01 09:47:22.525 ServerApp] Connecting to kernel 574fe3ef-ffe6-4cc1-a36d-af0c3155f0ec.
[I 2025-04-01 09:47:22.525 ServerApp] Restoring connection for 574fe3ef-ffe6-4cc1-a36d-af0c3155f0ec:0e1ee31f-49a8-4670-8e29-cdece0ac465a
[W 2025-04-01 09:50:22.527 ServerApp] WebSocket ping timeout after 119780 ms.
[I 2025-04-01 09:50:27.530 ServerApp] Starting buffering for 574fe3ef-ffe6-4cc1-a36d-af0c3155f0ec:0e1ee31f-49a8-4670-8e29-cdece0ac465a
[I 2025-04-01 09:50:28.191 ServerApp] Connecting to kernel 574fe3ef-ffe6-4cc1-a36d-af0c3155f0ec.
[I 2025-04-01 09:50:28.192 ServerApp] Restoring connection for 574fe3ef-ffe6-4cc1-a36d-af0c3155f0ec:0e1ee31f-49a8-4670-8e29-cdece0ac465a
[I 2025-04-01 09:52:38.655 ServerApp] Connecting to kernel 574fe3ef-ffe6-4cc1-a36d-af0c3155f0ec.
[I 2025-04-01 09:56:38.508 ServerApp] Saving file at /baseline.ipynb
[W 2025-04-01 09:56:38.508 ServerApp] Notebook baseline.ipynb is not trusted
[I 2025-04-01 09:58:39.872 ServerApp] Saving file at /baseline.ipynb
[W 2025-04-01 09:58:39.873 ServerApp] Notebook baseline.ipynb is not trusted
[I 2025-04-01 10:38:52.655 ServerApp] Starting buffering for 574fe3ef-ffe6-4cc1-a36d-af0c3155f0ec:0e1ee31f-49a8-4670-8e29-cdece0ac465a
[I 2025-04-01 10:38:52.836 ServerApp] Connecting to kernel 574fe3ef-ffe6-4cc1-a36d-af0c3155f0ec.
[I 2025-04-01 10:38:52.836 ServerApp] Restoring connection for 574fe3ef-ffe6-4cc1-a36d-af0c3155f0ec:0e1ee31f-49a8-4670-8e29-cdece0ac465a
[W 2025-04-01 10:40:22.839 ServerApp] WebSocket ping timeout after 90002 ms.
[I 2025-04-01 10:40:27.841 ServerApp] Starting buffering for 574fe3ef-ffe6-4cc1-a36d-af0c3155f0ec:0e1ee31f-49a8-4670-8e29-cdece0ac465a
[I 2025-04-01 10:44:07.649 ServerApp] Connecting to kernel 574fe3ef-ffe6-4cc1-a36d-af0c3155f0ec.
[I 2025-04-01 10:44:07.649 ServerApp] Restoring connection for 574fe3ef-ffe6-4cc1-a36d-af0c3155f0ec:0e1ee31f-49a8-4670-8e29-cdece0ac465a
[I 2025-04-01 10:58:05.218 ServerApp] Starting buffering for 574fe3ef-ffe6-4cc1-a36d-af0c3155f0ec:0e1ee31f-49a8-4670-8e29-cdece0ac465a
[I 2025-04-01 10:58:05.452 ServerApp] Connecting to kernel 574fe3ef-ffe6-4cc1-a36d-af0c3155f0ec.
[I 2025-04-01 10:58:05.452 ServerApp] Restoring connection for 574fe3ef-ffe6-4cc1-a36d-af0c3155f0ec:0e1ee31f-49a8-4670-8e29-cdece0ac465a
[W 2025-04-01 10:59:35.453 ServerApp] WebSocket ping timeout after 90000 ms.
[I 2025-04-01 10:59:40.457 ServerApp] Starting buffering for 574fe3ef-ffe6-4cc1-a36d-af0c3155f0ec:0e1ee31f-49a8-4670-8e29-cdece0ac465a
[I 2025-04-01 13:44:16.073 ServerApp] Connecting to kernel 574fe3ef-ffe6-4cc1-a36d-af0c3155f0ec.
[I 2025-04-01 13:44:16.073 ServerApp] Restoring connection for 574fe3ef-ffe6-4cc1-a36d-af0c3155f0ec:0e1ee31f-49a8-4670-8e29-cdece0ac465a
[W 2025-04-01 13:45:46.075 ServerApp] WebSocket ping timeout after 90002 ms.
[I 2025-04-01 13:45:51.077 ServerApp] Starting buffering for 574fe3ef-ffe6-4cc1-a36d-af0c3155f0ec:0e1ee31f-49a8-4670-8e29-cdece0ac465a
[I 2025-04-01 14:58:53.839 ServerApp] Connecting to kernel 574fe3ef-ffe6-4cc1-a36d-af0c3155f0ec.
[I 2025-04-01 14:58:53.839 ServerApp] Restoring connection for 574fe3ef-ffe6-4cc1-a36d-af0c3155f0ec:0e1ee31f-49a8-4670-8e29-cdece0ac465a
[W 2025-04-01 15:00:23.840 ServerApp] WebSocket ping timeout after 90001 ms.
[I 2025-04-01 15:00:28.844 ServerApp] Starting buffering for 574fe3ef-ffe6-4cc1-a36d-af0c3155f0ec:0e1ee31f-49a8-4670-8e29-cdece0ac465a
[I 2025-04-01 15:10:34.103 ServerApp] Connecting to kernel 574fe3ef-ffe6-4cc1-a36d-af0c3155f0ec.
[I 2025-04-01 15:10:34.103 ServerApp] Restoring connection for 574fe3ef-ffe6-4cc1-a36d-af0c3155f0ec:0e1ee31f-49a8-4670-8e29-cdece0ac465a
[I 2025-04-01 15:21:41.582 ServerApp] Starting buffering for 574fe3ef-ffe6-4cc1-a36d-af0c3155f0ec:0e1ee31f-49a8-4670-8e29-cdece0ac465a
[I 2025-04-01 15:21:41.781 ServerApp] Connecting to kernel 574fe3ef-ffe6-4cc1-a36d-af0c3155f0ec.
[I 2025-04-01 15:21:41.781 ServerApp] Restoring connection for 574fe3ef-ffe6-4cc1-a36d-af0c3155f0ec:0e1ee31f-49a8-4670-8e29-cdece0ac465a
[W 2025-04-01 15:23:11.783 ServerApp] WebSocket ping timeout after 90002 ms.
[I 2025-04-01 15:23:16.787 ServerApp] Starting buffering for 574fe3ef-ffe6-4cc1-a36d-af0c3155f0ec:0e1ee31f-49a8-4670-8e29-cdece0ac465a
[I 2025-04-01 15:37:22.164 ServerApp] Connecting to kernel 574fe3ef-ffe6-4cc1-a36d-af0c3155f0ec.
[I 2025-04-01 15:37:22.164 ServerApp] Restoring connection for 574fe3ef-ffe6-4cc1-a36d-af0c3155f0ec:0e1ee31f-49a8-4670-8e29-cdece0ac465a
[I 2025-04-01 15:53:15.571 ServerApp] Starting buffering for 574fe3ef-ffe6-4cc1-a36d-af0c3155f0ec:0e1ee31f-49a8-4670-8e29-cdece0ac465a
[I 2025-04-01 15:53:15.800 ServerApp] Connecting to kernel 574fe3ef-ffe6-4cc1-a36d-af0c3155f0ec.
[I 2025-04-01 15:53:15.800 ServerApp] Restoring connection for 574fe3ef-ffe6-4cc1-a36d-af0c3155f0ec:0e1ee31f-49a8-4670-8e29-cdece0ac465a
[W 2025-04-01 15:54:45.802 ServerApp] WebSocket ping timeout after 90001 ms.
[I 2025-04-01 15:54:50.803 ServerApp] Starting buffering for 574fe3ef-ffe6-4cc1-a36d-af0c3155f0ec:0e1ee31f-49a8-4670-8e29-cdece0ac465a
[I 2025-04-01 17:29:54.500 ServerApp] Connecting to kernel 574fe3ef-ffe6-4cc1-a36d-af0c3155f0ec.
[I 2025-04-01 17:29:54.500 ServerApp] Restoring connection for 574fe3ef-ffe6-4cc1-a36d-af0c3155f0ec:0e1ee31f-49a8-4670-8e29-cdece0ac465a
[W 2025-04-01 17:32:24.502 ServerApp] WebSocket ping timeout after 119812 ms.
[I 2025-04-01 17:32:29.503 ServerApp] Starting buffering for 574fe3ef-ffe6-4cc1-a36d-af0c3155f0ec:0e1ee31f-49a8-4670-8e29-cdece0ac465a
[I 2025-04-01 18:12:11.285 ServerApp] Connecting to kernel 574fe3ef-ffe6-4cc1-a36d-af0c3155f0ec.
[I 2025-04-01 18:12:11.286 ServerApp] Restoring connection for 574fe3ef-ffe6-4cc1-a36d-af0c3155f0ec:0e1ee31f-49a8-4670-8e29-cdece0ac465a
[W 2025-04-01 18:13:41.289 ServerApp] WebSocket ping timeout after 90003 ms.
[I 2025-04-01 18:13:46.292 ServerApp] Starting buffering for 574fe3ef-ffe6-4cc1-a36d-af0c3155f0ec:0e1ee31f-49a8-4670-8e29-cdece0ac465a
[I 2025-04-01 18:55:47.878 ServerApp] Connecting to kernel 574fe3ef-ffe6-4cc1-a36d-af0c3155f0ec.
[I 2025-04-01 18:55:47.878 ServerApp] Restoring connection for 574fe3ef-ffe6-4cc1-a36d-af0c3155f0ec:0e1ee31f-49a8-4670-8e29-cdece0ac465a
[W 2025-04-01 18:57:17.880 ServerApp] WebSocket ping timeout after 90001 ms.
[I 2025-04-01 18:57:22.884 ServerApp] Starting buffering for 574fe3ef-ffe6-4cc1-a36d-af0c3155f0ec:0e1ee31f-49a8-4670-8e29-cdece0ac465a
[I 2025-04-01 19:56:45.196 ServerApp] Connecting to kernel 574fe3ef-ffe6-4cc1-a36d-af0c3155f0ec.
[I 2025-04-01 19:56:45.197 ServerApp] Restoring connection for 574fe3ef-ffe6-4cc1-a36d-af0c3155f0ec:0e1ee31f-49a8-4670-8e29-cdece0ac465a
[W 2025-04-01 19:58:15.199 ServerApp] WebSocket ping timeout after 90003 ms.
[I 2025-04-01 19:58:20.203 ServerApp] Starting buffering for 574fe3ef-ffe6-4cc1-a36d-af0c3155f0ec:0e1ee31f-49a8-4670-8e29-cdece0ac465a
[I 2025-04-01 20:57:42.431 ServerApp] Connecting to kernel 574fe3ef-ffe6-4cc1-a36d-af0c3155f0ec.
[I 2025-04-01 20:57:42.432 ServerApp] Restoring connection for 574fe3ef-ffe6-4cc1-a36d-af0c3155f0ec:0e1ee31f-49a8-4670-8e29-cdece0ac465a
[W 2025-04-01 20:59:12.433 ServerApp] WebSocket ping timeout after 90001 ms.
[I 2025-04-01 20:59:17.435 ServerApp] Starting buffering for 574fe3ef-ffe6-4cc1-a36d-af0c3155f0ec:0e1ee31f-49a8-4670-8e29-cdece0ac465a
[I 2025-04-01 21:56:52.645 ServerApp] Connecting to kernel 574fe3ef-ffe6-4cc1-a36d-af0c3155f0ec.
[I 2025-04-01 21:56:52.646 ServerApp] Restoring connection for 574fe3ef-ffe6-4cc1-a36d-af0c3155f0ec:0e1ee31f-49a8-4670-8e29-cdece0ac465a
[W 2025-04-01 21:58:22.647 ServerApp] WebSocket ping timeout after 90001 ms.
[I 2025-04-01 21:58:27.649 ServerApp] Starting buffering for 574fe3ef-ffe6-4cc1-a36d-af0c3155f0ec:0e1ee31f-49a8-4670-8e29-cdece0ac465a
[I 2025-04-01 21:58:28.078 ServerApp] Connecting to kernel 574fe3ef-ffe6-4cc1-a36d-af0c3155f0ec.
[I 2025-04-01 21:58:28.078 ServerApp] Restoring connection for 574fe3ef-ffe6-4cc1-a36d-af0c3155f0ec:0e1ee31f-49a8-4670-8e29-cdece0ac465a
[W 2025-04-01 21:59:58.080 ServerApp] WebSocket ping timeout after 90002 ms.
[I 2025-04-01 22:00:03.082 ServerApp] Starting buffering for 574fe3ef-ffe6-4cc1-a36d-af0c3155f0ec:0e1ee31f-49a8-4670-8e29-cdece0ac465a
[I 2025-04-01 22:32:10.629 ServerApp] Connecting to kernel 574fe3ef-ffe6-4cc1-a36d-af0c3155f0ec.
[I 2025-04-01 22:32:10.630 ServerApp] Restoring connection for 574fe3ef-ffe6-4cc1-a36d-af0c3155f0ec:0e1ee31f-49a8-4670-8e29-cdece0ac465a
[W 2025-04-01 22:33:40.633 ServerApp] WebSocket ping timeout after 90003 ms.
[I 2025-04-01 22:33:45.635 ServerApp] Starting buffering for 574fe3ef-ffe6-4cc1-a36d-af0c3155f0ec:0e1ee31f-49a8-4670-8e29-cdece0ac465a
[I 2025-04-01 23:16:46.003 ServerApp] Connecting to kernel 574fe3ef-ffe6-4cc1-a36d-af0c3155f0ec.
[I 2025-04-01 23:16:46.003 ServerApp] Restoring connection for 574fe3ef-ffe6-4cc1-a36d-af0c3155f0ec:0e1ee31f-49a8-4670-8e29-cdece0ac465a
[W 2025-04-01 23:18:16.005 ServerApp] WebSocket ping timeout after 90001 ms.
[I 2025-04-01 23:18:21.006 ServerApp] Starting buffering for 574fe3ef-ffe6-4cc1-a36d-af0c3155f0ec:0e1ee31f-49a8-4670-8e29-cdece0ac465a
[I 2025-04-02 00:03:27.593 ServerApp] Connecting to kernel 574fe3ef-ffe6-4cc1-a36d-af0c3155f0ec.
[I 2025-04-02 00:03:27.593 ServerApp] Restoring connection for 574fe3ef-ffe6-4cc1-a36d-af0c3155f0ec:0e1ee31f-49a8-4670-8e29-cdece0ac465a
[I 2025-04-02 00:24:13.115 ServerApp] Starting buffering for 574fe3ef-ffe6-4cc1-a36d-af0c3155f0ec:0e1ee31f-49a8-4670-8e29-cdece0ac465a
[I 2025-04-02 00:24:13.665 ServerApp] Connecting to kernel 574fe3ef-ffe6-4cc1-a36d-af0c3155f0ec.
[I 2025-04-02 00:24:13.665 ServerApp] Restoring connection for 574fe3ef-ffe6-4cc1-a36d-af0c3155f0ec:0e1ee31f-49a8-4670-8e29-cdece0ac465a
[W 2025-04-02 00:25:43.668 ServerApp] WebSocket ping timeout after 90003 ms.
[I 2025-04-02 00:25:48.671 ServerApp] Starting buffering for 574fe3ef-ffe6-4cc1-a36d-af0c3155f0ec:0e1ee31f-49a8-4670-8e29-cdece0ac465a
[I 2025-04-02 00:45:20.857 ServerApp] Connecting to kernel 574fe3ef-ffe6-4cc1-a36d-af0c3155f0ec.
[I 2025-04-02 00:45:20.857 ServerApp] Restoring connection for 574fe3ef-ffe6-4cc1-a36d-af0c3155f0ec:0e1ee31f-49a8-4670-8e29-cdece0ac465a
[W 2025-04-02 00:46:50.858 ServerApp] WebSocket ping timeout after 90001 ms.
[I 2025-04-02 00:46:55.862 ServerApp] Starting buffering for 574fe3ef-ffe6-4cc1-a36d-af0c3155f0ec:0e1ee31f-49a8-4670-8e29-cdece0ac465a
[I 2025-04-02 00:56:06.765 ServerApp] Connecting to kernel 574fe3ef-ffe6-4cc1-a36d-af0c3155f0ec.
[I 2025-04-02 00:56:06.766 ServerApp] Restoring connection for 574fe3ef-ffe6-4cc1-a36d-af0c3155f0ec:0e1ee31f-49a8-4670-8e29-cdece0ac465a
[I 2025-04-02 01:12:30.470 ServerApp] Starting buffering for 574fe3ef-ffe6-4cc1-a36d-af0c3155f0ec:0e1ee31f-49a8-4670-8e29-cdece0ac465a
[I 2025-04-02 01:12:30.954 ServerApp] Connecting to kernel 574fe3ef-ffe6-4cc1-a36d-af0c3155f0ec.
[I 2025-04-02 01:12:30.954 ServerApp] Restoring connection for 574fe3ef-ffe6-4cc1-a36d-af0c3155f0ec:0e1ee31f-49a8-4670-8e29-cdece0ac465a
[W 2025-04-02 01:14:00.956 ServerApp] WebSocket ping timeout after 90002 ms.
[I 2025-04-02 01:14:05.958 ServerApp] Starting buffering for 574fe3ef-ffe6-4cc1-a36d-af0c3155f0ec:0e1ee31f-49a8-4670-8e29-cdece0ac465a
[I 2025-04-02 01:42:38.010 ServerApp] Connecting to kernel 574fe3ef-ffe6-4cc1-a36d-af0c3155f0ec.
[I 2025-04-02 01:42:38.010 ServerApp] Restoring connection for 574fe3ef-ffe6-4cc1-a36d-af0c3155f0ec:0e1ee31f-49a8-4670-8e29-cdece0ac465a
[I 2025-04-02 02:12:23.406 ServerApp] Starting buffering for 574fe3ef-ffe6-4cc1-a36d-af0c3155f0ec:0e1ee31f-49a8-4670-8e29-cdece0ac465a
[I 2025-04-02 02:12:23.677 ServerApp] Connecting to kernel 574fe3ef-ffe6-4cc1-a36d-af0c3155f0ec.
[I 2025-04-02 02:12:23.677 ServerApp] Restoring connection for 574fe3ef-ffe6-4cc1-a36d-af0c3155f0ec:0e1ee31f-49a8-4670-8e29-cdece0ac465a
[W 2025-04-02 02:13:53.679 ServerApp] WebSocket ping timeout after 90001 ms.
[I 2025-04-02 02:13:58.682 ServerApp] Starting buffering for 574fe3ef-ffe6-4cc1-a36d-af0c3155f0ec:0e1ee31f-49a8-4670-8e29-cdece0ac465a
[I 2025-04-02 02:15:31.604 ServerApp] Connecting to kernel 574fe3ef-ffe6-4cc1-a36d-af0c3155f0ec.
[I 2025-04-02 02:15:31.604 ServerApp] Restoring connection for 574fe3ef-ffe6-4cc1-a36d-af0c3155f0ec:0e1ee31f-49a8-4670-8e29-cdece0ac465a
[I 2025-04-02 02:20:36.459 ServerApp] Starting buffering for 574fe3ef-ffe6-4cc1-a36d-af0c3155f0ec:0e1ee31f-49a8-4670-8e29-cdece0ac465a
[I 2025-04-02 02:20:36.643 ServerApp] Connecting to kernel 574fe3ef-ffe6-4cc1-a36d-af0c3155f0ec.
[I 2025-04-02 02:20:36.644 ServerApp] Restoring connection for 574fe3ef-ffe6-4cc1-a36d-af0c3155f0ec:0e1ee31f-49a8-4670-8e29-cdece0ac465a
[W 2025-04-02 02:22:06.647 ServerApp] WebSocket ping timeout after 90003 ms.
[I 2025-04-02 02:22:11.648 ServerApp] Starting buffering for 574fe3ef-ffe6-4cc1-a36d-af0c3155f0ec:0e1ee31f-49a8-4670-8e29-cdece0ac465a
[I 2025-04-02 02:34:41.202 ServerApp] Connecting to kernel 574fe3ef-ffe6-4cc1-a36d-af0c3155f0ec.
[I 2025-04-02 02:34:41.202 ServerApp] Restoring connection for 574fe3ef-ffe6-4cc1-a36d-af0c3155f0ec:0e1ee31f-49a8-4670-8e29-cdece0ac465a
[I 2025-04-02 02:40:56.004 ServerApp] Starting buffering for 574fe3ef-ffe6-4cc1-a36d-af0c3155f0ec:0e1ee31f-49a8-4670-8e29-cdece0ac465a
[I 2025-04-02 02:40:56.201 ServerApp] Connecting to kernel 574fe3ef-ffe6-4cc1-a36d-af0c3155f0ec.
[I 2025-04-02 02:40:56.201 ServerApp] Restoring connection for 574fe3ef-ffe6-4cc1-a36d-af0c3155f0ec:0e1ee31f-49a8-4670-8e29-cdece0ac465a
[W 2025-04-02 02:42:26.204 ServerApp] WebSocket ping timeout after 90003 ms.
[I 2025-04-02 02:42:31.207 ServerApp] Starting buffering for 574fe3ef-ffe6-4cc1-a36d-af0c3155f0ec:0e1ee31f-49a8-4670-8e29-cdece0ac465a
[I 2025-04-02 02:45:46.145 ServerApp] Connecting to kernel 574fe3ef-ffe6-4cc1-a36d-af0c3155f0ec.
[I 2025-04-02 02:45:46.145 ServerApp] Restoring connection for 574fe3ef-ffe6-4cc1-a36d-af0c3155f0ec:0e1ee31f-49a8-4670-8e29-cdece0ac465a
[I 2025-04-02 02:48:24.265 ServerApp] Starting buffering for 574fe3ef-ffe6-4cc1-a36d-af0c3155f0ec:0e1ee31f-49a8-4670-8e29-cdece0ac465a
[I 2025-04-02 02:48:24.451 ServerApp] Connecting to kernel 574fe3ef-ffe6-4cc1-a36d-af0c3155f0ec.
[I 2025-04-02 02:48:24.451 ServerApp] Restoring connection for 574fe3ef-ffe6-4cc1-a36d-af0c3155f0ec:0e1ee31f-49a8-4670-8e29-cdece0ac465a
[W 2025-04-02 02:49:54.453 ServerApp] WebSocket ping timeout after 90001 ms.
[I 2025-04-02 02:49:59.454 ServerApp] Starting buffering for 574fe3ef-ffe6-4cc1-a36d-af0c3155f0ec:0e1ee31f-49a8-4670-8e29-cdece0ac465a
[I 2025-04-02 02:50:58.738 ServerApp] Connecting to kernel 574fe3ef-ffe6-4cc1-a36d-af0c3155f0ec.
[I 2025-04-02 02:50:58.738 ServerApp] Restoring connection for 574fe3ef-ffe6-4cc1-a36d-af0c3155f0ec:0e1ee31f-49a8-4670-8e29-cdece0ac465a
[W 2025-04-02 02:52:28.741 ServerApp] WebSocket ping timeout after 90003 ms.
[I 2025-04-02 02:52:33.744 ServerApp] Starting buffering for 574fe3ef-ffe6-4cc1-a36d-af0c3155f0ec:0e1ee31f-49a8-4670-8e29-cdece0ac465a
[I 2025-04-02 02:53:31.709 ServerApp] Connecting to kernel 574fe3ef-ffe6-4cc1-a36d-af0c3155f0ec.
[I 2025-04-02 02:53:31.709 ServerApp] Restoring connection for 574fe3ef-ffe6-4cc1-a36d-af0c3155f0ec:0e1ee31f-49a8-4670-8e29-cdece0ac465a
[I 2025-04-02 02:59:36.576 ServerApp] Starting buffering for 574fe3ef-ffe6-4cc1-a36d-af0c3155f0ec:0e1ee31f-49a8-4670-8e29-cdece0ac465a
